<?xml version="1.0" encoding="UTF-8"?>
<coverage generated="1628558421112" clover="3.2.0">
  <project timestamp="1628558421113" name="All files">
    <metrics statements="29" coveredstatements="29" conditionals="8" coveredconditionals="8" methods="12" coveredmethods="12" elements="49" coveredelements="49" complexity="0" loc="29" ncloc="29" packages="1" files="2" classes="2"/>
    <file name="logger.js" path="/home/app/src/helpers/logger.js">
      <metrics statements="10" coveredstatements="10" conditionals="0" coveredconditionals="0" methods="4" coveredmethods="4"/>
      <line num="2" count="2" type="stmt"/>
      <line num="3" count="1" type="stmt"/>
      <line num="4" count="1" type="stmt"/>
      <line num="5" count="1" type="stmt"/>
      <line num="7" count="3" type="stmt"/>
      <line num="8" count="3" type="stmt"/>
      <line num="9" count="3" type="stmt"/>
      <line num="10" count="3" type="stmt"/>
      <line num="11" count="3" type="stmt"/>
      <line num="12" count="3" type="stmt"/>
    </file>
    <file name="utils.js" path="/home/app/src/helpers/utils.js">
      <metrics statements="19" coveredstatements="19" conditionals="8" coveredconditionals="8" methods="8" coveredmethods="8"/>
      <line num="5" count="2" type="cond" truecount="2" falsecount="0"/>
      <line num="8" count="6" type="cond" truecount="1" falsecount="0"/>
      <line num="11" count="1" type="stmt"/>
      <line num="12" count="8" type="stmt"/>
      <line num="13" count="1" type="stmt"/>
      <line num="17" count="1" type="cond" truecount="1" falsecount="0"/>
      <line num="18" count="3" type="stmt"/>
      <line num="19" count="3" type="cond" truecount="2" falsecount="0"/>
      <line num="20" count="2" type="cond" truecount="2" falsecount="0"/>
      <line num="21" count="1" type="stmt"/>
      <line num="23" count="2" type="stmt"/>
      <line num="24" count="2" type="stmt"/>
      <line num="30" count="1" type="stmt"/>
      <line num="31" count="1" type="stmt"/>
      <line num="32" count="1" type="stmt"/>
      <line num="33" count="13" type="stmt"/>
      <line num="34" count="13" type="stmt"/>
      <line num="36" count="1" type="stmt"/>
      <line num="41" count="6" type="stmt"/>
    </file>
  </project>
</coverage>
