{"/home/app/src/helpers/logger.js": {"path":"/home/app/src/helpers/logger.js","statementMap":{"0":{"start":{"line":2,"column":15},"end":{"line":14,"column":1}},"1":{"start":{"line":3,"column":20},"end":{"line":3,"column":73}},"2":{"start":{"line":4,"column":19},"end":{"line":4,"column":70}},"3":{"start":{"line":5,"column":20},"end":{"line":5,"column":73}},"4":{"start":{"line":7,"column":2},"end":{"line":7,"column":20}},"5":{"start":{"line":8,"column":2},"end":{"line":8,"column":60}},"6":{"start":{"line":9,"column":2},"end":{"line":9,"column":56}},"7":{"start":{"line":10,"column":2},"end":{"line":10,"column":22}},"8":{"start":{"line":11,"column":2},"end":{"line":11,"column":60}},"9":{"start":{"line":12,"column":2},"end":{"line":12,"column":20}}},"fnMap":{"0":{"name":"(anonymous_0)","decl":{"start":{"line":3,"column":9},"end":{"line":3,"column":10}},"loc":{"start":{"line":3,"column":20},"end":{"line":3,"column":73}},"line":3},"1":{"name":"(anonymous_1)","decl":{"start":{"line":4,"column":8},"end":{"line":4,"column":9}},"loc":{"start":{"line":4,"column":19},"end":{"line":4,"column":70}},"line":4},"2":{"name":"(anonymous_2)","decl":{"start":{"line":5,"column":9},"end":{"line":5,"column":10}},"loc":{"start":{"line":5,"column":20},"end":{"line":5,"column":73}},"line":5},"3":{"name":"(anonymous_3)","decl":{"start":{"line":6,"column":10},"end":{"line":6,"column":11}},"loc":{"start":{"line":6,"column":23},"end":{"line":13,"column":2}},"line":6}},"branchMap":{},"s":{"0":2,"1":1,"2":1,"3":1,"4":3,"5":3,"6":3,"7":3,"8":3,"9":3},"f":{"0":1,"1":1,"2":1,"3":3},"b":{},"_coverageSchema":"1a1c01bbd47fc00a2c39e90264f33305004495a9","hash":"e14ed1e477959ca016d2747022f358c6b420d132"}
,"/home/app/src/helpers/utils.js": {"path":"/home/app/src/helpers/utils.js","statementMap":{"0":{"start":{"line":5,"column":21},"end":{"line":5,"column":116}},"1":{"start":{"line":5,"column":55},"end":{"line":5,"column":116}},"2":{"start":{"line":8,"column":19},"end":{"line":8,"column":67}},"3":{"start":{"line":8,"column":38},"end":{"line":8,"column":67}},"4":{"start":{"line":11,"column":17},"end":{"line":14,"column":1}},"5":{"start":{"line":12,"column":15},"end":{"line":12,"column":96}},"6":{"start":{"line":12,"column":21},"end":{"line":12,"column":96}},"7":{"start":{"line":13,"column":1},"end":{"line":13,"column":95}},"8":{"start":{"line":17,"column":30},"end":{"line":27,"column":1}},"9":{"start":{"line":18,"column":1},"end":{"line":26,"column":2}},"10":{"start":{"line":19,"column":2},"end":{"line":19,"column":112}},"11":{"start":{"line":19,"column":36},"end":{"line":19,"column":112}},"12":{"start":{"line":20,"column":2},"end":{"line":20,"column":61}},"13":{"start":{"line":20,"column":17},"end":{"line":20,"column":61}},"14":{"start":{"line":21,"column":2},"end":{"line":21,"column":62}},"15":{"start":{"line":23,"column":2},"end":{"line":23,"column":32}},"16":{"start":{"line":24,"column":2},"end":{"line":24,"column":35}},"17":{"start":{"line":30,"column":21},"end":{"line":37,"column":1}},"18":{"start":{"line":31,"column":18},"end":{"line":31,"column":34}},"19":{"start":{"line":32,"column":1},"end":{"line":35,"column":2}},"20":{"start":{"line":32,"column":15},"end":{"line":32,"column":34}},"21":{"start":{"line":33,"column":12},"end":{"line":33,"column":51}},"22":{"start":{"line":34,"column":2},"end":{"line":34,"column":58}},"23":{"start":{"line":36,"column":1},"end":{"line":36,"column":17}},"24":{"start":{"line":41,"column":27},"end":{"line":41,"column":107}},"25":{"start":{"line":41,"column":45},"end":{"line":41,"column":107}},"26":{"start":{"line":41,"column":77},"end":{"line":41,"column":94}}},"fnMap":{"0":{"name":"(anonymous_0)","decl":{"start":{"line":5,"column":21},"end":{"line":5,"column":22}},"loc":{"start":{"line":5,"column":55},"end":{"line":5,"column":116}},"line":5},"1":{"name":"(anonymous_1)","decl":{"start":{"line":8,"column":19},"end":{"line":8,"column":20}},"loc":{"start":{"line":8,"column":38},"end":{"line":8,"column":67}},"line":8},"2":{"name":"(anonymous_2)","decl":{"start":{"line":11,"column":17},"end":{"line":11,"column":18}},"loc":{"start":{"line":11,"column":23},"end":{"line":14,"column":1}},"line":11},"3":{"name":"(anonymous_3)","decl":{"start":{"line":12,"column":15},"end":{"line":12,"column":16}},"loc":{"start":{"line":12,"column":21},"end":{"line":12,"column":96}},"line":12},"4":{"name":"(anonymous_4)","decl":{"start":{"line":17,"column":30},"end":{"line":17,"column":31}},"loc":{"start":{"line":17,"column":49},"end":{"line":27,"column":1}},"line":17},"5":{"name":"(anonymous_5)","decl":{"start":{"line":30,"column":21},"end":{"line":30,"column":22}},"loc":{"start":{"line":30,"column":34},"end":{"line":37,"column":1}},"line":30},"6":{"name":"(anonymous_6)","decl":{"start":{"line":41,"column":27},"end":{"line":41,"column":28}},"loc":{"start":{"line":41,"column":45},"end":{"line":41,"column":107}},"line":41},"7":{"name":"(anonymous_7)","decl":{"start":{"line":41,"column":69},"end":{"line":41,"column":70}},"loc":{"start":{"line":41,"column":77},"end":{"line":41,"column":94}},"line":41}},"branchMap":{"0":{"loc":{"start":{"line":5,"column":23},"end":{"line":5,"column":34}},"type":"default-arg","locations":[{"start":{"line":5,"column":33},"end":{"line":5,"column":34}}],"line":5},"1":{"loc":{"start":{"line":5,"column":36},"end":{"line":5,"column":49}},"type":"default-arg","locations":[{"start":{"line":5,"column":46},"end":{"line":5,"column":49}}],"line":5},"2":{"loc":{"start":{"line":8,"column":21},"end":{"line":8,"column":32}},"type":"default-arg","locations":[{"start":{"line":8,"column":30},"end":{"line":8,"column":32}}],"line":8},"3":{"loc":{"start":{"line":17,"column":32},"end":{"line":17,"column":43}},"type":"default-arg","locations":[{"start":{"line":17,"column":41},"end":{"line":17,"column":43}}],"line":17},"4":{"loc":{"start":{"line":19,"column":2},"end":{"line":19,"column":112}},"type":"if","locations":[{"start":{"line":19,"column":2},"end":{"line":19,"column":112}},{"start":{"line":19,"column":2},"end":{"line":19,"column":112}}],"line":19},"5":{"loc":{"start":{"line":20,"column":2},"end":{"line":20,"column":61}},"type":"if","locations":[{"start":{"line":20,"column":2},"end":{"line":20,"column":61}},{"start":{"line":20,"column":2},"end":{"line":20,"column":61}}],"line":20}},"s":{"0":1,"1":2,"2":1,"3":6,"4":1,"5":1,"6":8,"7":1,"8":1,"9":3,"10":3,"11":1,"12":2,"13":1,"14":1,"15":2,"16":2,"17":1,"18":1,"19":1,"20":1,"21":13,"22":13,"23":1,"24":1,"25":2,"26":6},"f":{"0":2,"1":6,"2":1,"3":8,"4":3,"5":1,"6":2,"7":6},"b":{"0":[1],"1":[1],"2":[1],"3":[1],"4":[1,2],"5":[1,1]},"_coverageSchema":"1a1c01bbd47fc00a2c39e90264f33305004495a9","hash":"ce20471b9804ab62cdc83d4782662bbaf83154c1"}
}
