TN:
SF:src/helpers/logger.js
FN:3,(anonymous_0)
FN:4,(anonymous_1)
FN:5,(anonymous_2)
FN:6,(anonymous_3)
FNF:4
FNH:4
FNDA:1,(anonymous_0)
FNDA:1,(anonymous_1)
FNDA:1,(anonymous_2)
FNDA:3,(anonymous_3)
DA:2,2
DA:3,1
DA:4,1
DA:5,1
DA:7,3
DA:8,3
DA:9,3
DA:10,3
DA:11,3
DA:12,3
LF:10
LH:10
BRF:0
BRH:0
end_of_record
TN:
SF:src/helpers/utils.js
FN:5,(anonymous_0)
FN:8,(anonymous_1)
FN:11,(anonymous_2)
FN:12,(anonymous_3)
FN:17,(anonymous_4)
FN:30,(anonymous_5)
FN:41,(anonymous_6)
FN:41,(anonymous_7)
FNF:8
FNH:8
FNDA:2,(anonymous_0)
FNDA:6,(anonymous_1)
FNDA:1,(anonymous_2)
FNDA:8,(anonymous_3)
FNDA:3,(anonymous_4)
FNDA:1,(anonymous_5)
FNDA:2,(anonymous_6)
FNDA:6,(anonymous_7)
DA:5,2
DA:8,6
DA:11,1
DA:12,8
DA:13,1
DA:17,1
DA:18,3
DA:19,3
DA:20,2
DA:21,1
DA:23,2
DA:24,2
DA:30,1
DA:31,1
DA:32,1
DA:33,13
DA:34,13
DA:36,1
DA:41,6
LF:19
LH:19
BRDA:5,0,0,1
BRDA:5,1,0,1
BRDA:8,2,0,1
BRDA:17,3,0,1
BRDA:19,4,0,1
BRDA:19,4,1,2
BRDA:20,5,0,1
BRDA:20,5,1,1
BRF:8
BRH:8
end_of_record
